<?xml version="1.0" encoding="UTF-8"?><testsuite failures="1" name="cucumber.runtime.formatter.JUnitFormatter" skipped="0" tests="2" time="43.545266">
<testcase classname="Dolna Test Feature" name="Login Scenario" time="26.779878">
<system-out><![CDATA[Given User is already on the Login Page.....................................passed
When Title of the Login Page is #1 Free CRM software in the cloud for sales and service.passed
Then user enters "shaikh92" and "Test@1234".................................passed
Then Click on the Login Button..............................................passed
Then User is on Home Page...................................................passed
Then Close the Browser......................................................passed
]]></system-out>
</testcase>
<testcase classname="Dolna Test Feature" name="Login Scenario 2" time="16.765388">
<failure message="junit.framework.ComparisonFailure: expected:&lt;[CRMPRO]&gt; but was:&lt;[#1 Free CRM software in the cloud for sales and service]&gt;&#13;&#10;&#9;at junit.framework.Assert.assertEquals(Assert.java:100)&#13;&#10;&#9;at junit.framework.Assert.assertEquals(Assert.java:107)&#13;&#10;&#9;at stepDefinations.LoginStepDefination.user_in_HomePage(LoginStepDefination.java:55)&#13;&#10;&#9;at ✽.Then User is on Home Page(login.feature:38)&#13;&#10;"><![CDATA[Given User is already on the Login Page.....................................passed
When Title of the Login Page is #1 Free CRM software in the cloud for sales and service.passed
Then user enters "Gollie" and "Test%67".....................................passed
Then Click on the Login Button..............................................passed
Then User is on Home Page...................................................failed
Then Close the Browser......................................................skipped

StackTrace:
junit.framework.ComparisonFailure: expected:<[CRMPRO]> but was:<[#1 Free CRM software in the cloud for sales and service]>
	at junit.framework.Assert.assertEquals(Assert.java:100)
	at junit.framework.Assert.assertEquals(Assert.java:107)
	at stepDefinations.LoginStepDefination.user_in_HomePage(LoginStepDefination.java:55)
	at ✽.Then User is on Home Page(login.feature:38)
]]></failure>
</testcase>
</testsuite>
